2023-02-23 10:39:28|   0.0|  0.0|INFORM|Current FME version: FME 2022.2.0.0 (20221103 - Build 22765 - WIN64)
2023-02-23 10:39:28|   0.0|  0.0|INFORM|FME_HOME is 'C:\Program Files\FME\'
2023-02-23 10:39:28|   0.0|  0.0|INFORM|FME Student Edition (node locked-crc)
2023-02-23 10:39:28|   0.0|  0.0|INFORM|Serial Number: G24DGQVH5PE6SAM4K3Q5
2023-02-23 10:39:28|   0.0|  0.0|INFORM|Temporary License: 35 days left.
2023-02-23 10:39:28|   0.0|  0.0|INFORM|Machine host name is: LAPTOP-5F0U3QK5
2023-02-23 10:39:28|   0.0|  0.0|INFORM|OS Locale Name     : en_CA
2023-02-23 10:39:28|   0.0|  0.0|INFORM|OS Locale Encoding : windows-1252
2023-02-23 10:39:28|   0.0|  0.0|INFORM|Process Encoding   : UTF-8
2023-02-23 10:39:28|   0.0|  0.0|INFORM|FME API version: '4.0 20220615'
2023-02-23 10:39:28|   0.0|  0.0|INFORM|FME Configuration: FME_BASE is 'no'
2023-02-23 10:39:28|   0.0|  0.0|INFORM|FME Configuration: FME_MF_DIR is 'C:\Users\alexi\OneDrive - UQAM\_Session H-2023\GEO7630\_TP\TP2\FME/'
2023-02-23 10:39:28|   0.0|  0.0|INFORM|FME Configuration: FME_MF_NAME is 'TP2.fmw'
2023-02-23 10:39:28|   0.0|  0.0|INFORM|FME Configuration: FME_PRODUCT_NAME is 'FME(R) 2022.2.0.0'
2023-02-23 10:39:28|   0.0|  0.0|INFORM|Operating System: Microsoft Windows 11 64-bit  (Build 22621)
2023-02-23 10:39:28|   0.0|  0.0|INFORM|FME Platform: WIN64
2023-02-23 10:39:28|   0.0|  0.0|INFORM|System Status: 226.83 GB of disk space available in the FME temporary folder (C:\Users\alexi\AppData\Local\Temp\wbrun_1677158367617_10896\fmetmp_8)
2023-02-23 10:39:28|   0.0|  0.0|INFORM|System Status: 7.70 GB of physical memory available
2023-02-23 10:39:28|   0.0|  0.0|INFORM|System Status: 30.78 GB of virtual memory available
2023-02-23 10:39:28|   0.0|  0.0|INFORM|START - ProcessID: 15848, peak process memory usage: 75100 kB, current process memory usage: 75100 kB
2023-02-23 10:39:28|   0.0|  0.0|INFORM|FME Configuration: Command line arguments are `C:\Program Files\FME\fme.exe' `C:/Users/alexi/OneDrive - UQAM/_Session H-2023/GEO7630/_TP/TP2/FME\wb-xlate-1677166765268_10896' `LOG_STANDARDOUT' `YES' `LOG_TIMINGS' `YES' `LogCountServerName' `63912' `LOG_STANDARDOUT' `No' `WORKBENCH_LOG_SERVER' `61192'
2023-02-23 10:39:28|   0.0|  0.0|INFORM|FME Configuration: Connection Storage: 'C:\Users\alexi\AppData\Roaming\Safe Software\FME\'
2023-02-23 10:39:28|   0.0|  0.0|INFORM|Shared folders for formats are : C:\Program Files\FME\datasources;C:\Users\alexi\OneDrive - UQAM\A_trier\Documents\FME\Formats
2023-02-23 10:39:28|   0.0|  0.0|INFORM|Shared folders for transformers are : C:\Users\alexi\AppData\Roaming\Safe Software\FME\Packages\22765-win64\transformers;C:\Program Files\FME\transformers;C:\Users\alexi\AppData\Roaming\Safe Software\FME\FME Store\Transformers
2023-02-23 10:39:28|   0.0|  0.0|INFORM|Shared folders for coordinate systems are : C:\Users\alexi\OneDrive - UQAM\A_trier\Documents\FME\CoordinateSystems
2023-02-23 10:39:28|   0.0|  0.0|INFORM|Shared folders for coordinate system exceptions are : C:\Users\alexi\OneDrive - UQAM\A_trier\Documents\FME\CoordinateSystemExceptions
2023-02-23 10:39:28|   0.0|  0.0|INFORM|Shared folders for coordinate system grid overrides are : C:\Users\alexi\OneDrive - UQAM\A_trier\Documents\FME\CoordinateSystemGridOverrides
2023-02-23 10:39:28|   0.0|  0.0|INFORM|Shared folders for CS-MAP transformation exceptions are : C:\Users\alexi\OneDrive - UQAM\A_trier\Documents\FME\CsmapTransformationExceptions
2023-02-23 10:39:28|   0.0|  0.0|INFORM|Shared folders for transformer categories are : C:\Users\alexi\OneDrive - UQAM\A_trier\Documents\FME\TransformerCategories
2023-02-23 10:39:28|   0.0|  0.0|INFORM|FME Configuration: Reader Keyword is `MULTI_READER'
2023-02-23 10:39:28|   0.0|  0.0|INFORM|FME Configuration: Writer Keyword is `NULL_DEST'
2023-02-23 10:39:28|   0.0|  0.0|INFORM|FME Configuration: Writer Group Definition Keyword is `NULL_DEST_DEF'
2023-02-23 10:39:28|   0.0|  0.0|INFORM|FME Configuration: Reader type is `MULTI_READER'
2023-02-23 10:39:28|   0.0|  0.0|INFORM|FME Configuration: Writer type is `NULL'
2023-02-23 10:39:28|   0.0|  0.0|INFORM|FME Configuration: No destination coordinate system set
2023-02-23 10:39:28|   0.0|  0.0|INFORM|FME Configuration: Current working folder is `C:\Users\alexi\OneDrive - UQAM\_Session H-2023\GEO7630\_TP\TP2\FME'
2023-02-23 10:39:28|   0.0|  0.0|INFORM|FME Configuration: Temporary folder is `C:\Users\alexi\AppData\Local\Temp\wbrun_1677158367617_10896\fmetmp_8', set from environment variable `FME_TEMP'
2023-02-23 10:39:28|   0.0|  0.0|INFORM|FME Configuration: Cache folder is 'C:\Users\alexi\AppData\Local\Temp'
2023-02-23 10:39:28|   0.0|  0.0|INFORM|FME Configuration: FME_HOME is `C:\Program Files\FME\'
2023-02-23 10:39:28|   0.0|  0.0|INFORM|FME Configuration: Start freeing memory when the process exceeds 23.09 GB
2023-02-23 10:39:28|   0.0|  0.0|INFORM|FME Configuration: Stop freeing memory when the process is below 17.32 GB
2023-02-23 10:39:28|   0.0|  0.0|INFORM|Creating writer for format: NULL (Nothing)
2023-02-23 10:39:28|   0.0|  0.0|INFORM|Trying to find a DYNAMIC plugin for writer named `NULL'
2023-02-23 10:39:28|   0.0|  0.0|INFORM|Loaded module 'NULL' from file 'C:\Program Files\FME\plugins/NULL.dll'
2023-02-23 10:39:28|   0.0|  0.0|INFORM|FME API version of module 'NULL' matches current internal version (4.0 20220615)
2023-02-23 10:39:28|   0.0|  0.0|INFORM|Creating reader for format: 
2023-02-23 10:39:28|   0.0|  0.0|INFORM|MULTI_READER(MULTI_READER): Will fail with first member reader failure
2023-02-23 10:39:28|   0.0|  0.0|INFORM|MULTI_READER(MULTI_READER): Adding GEOJSON Reader with keyword GEOJSON_2
2023-02-23 10:39:28|   0.0|  0.0|INFORM|Using Multi Reader with keyword `MULTI_READER' to read multiple datasets
2023-02-23 10:39:28|   0.0|  0.0|INFORM|The workspace does not contain user Python. FME will attempt to use a Python 3.10+ interpreter
2023-02-23 10:39:28|   0.0|  0.0|INFORM|Using Python interpreter from `C:\Program Files\FME\fmepython310\python310.dll' with PYTHONHOME `C:\Program Files\FME\fmepython310'
2023-02-23 10:39:28|   0.0|  0.0|INFORM|Python version 3.10 loaded successfully
2023-02-23 10:39:29|   0.0|  0.0|INFORM|Potentially retrieving dataset 'https://data.montreal.ca/dataset/9797a946-9da8-41ec-8815-f6b276dec7e9/resource/e18bfd07-edc8-4ce8-8a5a-3b617662a794/download/limites-administratives-agglomeration.geojson' for reader GEOJSON_2
2023-02-23 10:39:31|   0.0|  0.0|INFORM|Retrieved file C:\Users\alexi\AppData\Local\Temp\wbrun_1677158367617_10896\fmetmp_8\TempFS_1677166768771_15848\limites-administratives-agglomeration.geojson for reader GEOJSON_2
2023-02-23 10:39:31|   0.0|  0.0|INFORM|Creating reader for format: GeoJSON (Geographic JavaScript Object Notation)
2023-02-23 10:39:31|   0.0|  0.0|INFORM|Trying to find a DYNAMIC plugin for reader named `GEOJSON'
2023-02-23 10:39:31|   0.0|  0.0|INFORM|Loaded module 'GEOJSON' from file 'C:\Program Files\FME\plugins/JSON.dll'
2023-02-23 10:39:31|   0.0|  0.0|INFORM|FME API version of module 'JSON' matches current internal version (4.0 20220615)
2023-02-23 10:39:31|   0.0|  0.0|INFORM|Opening the GEOJSON reader with source dataset 'C:\Users\alexi\AppData\Local\Temp\wbrun_1677158367617_10896\fmetmp_8\TempFS_1677166768771_15848\limites-administratives-agglomeration.geojson'
2023-02-23 10:39:31|   0.0|  0.0|INFORM|Loaded module 'LogCount_func' from file 'C:\Program Files\FME\plugins/LogCount_func.dll'
2023-02-23 10:39:31|   0.0|  0.0|INFORM|FME API version of module 'LogCount_func' matches current internal version (4.0 20220615)
2023-02-23 10:39:31|   0.0|  0.0|INFORM|FME Configuration: Using FME Reprojection Engine
2023-02-23 10:39:31|   0.0|  0.0|INFORM|Loaded module 'AttributeFilterFactory' from file 'C:\Program Files\FME\plugins/AttributeFilterFactory.dll'
2023-02-23 10:39:31|   0.0|  0.0|INFORM|FME API version of module 'AttributeFilterFactory' matches current internal version (4.0 20220615)
2023-02-23 10:39:31|   0.1|  0.1|INFORM|FME Configuration: Source coordinate system for reader GEOJSON_2[GEOJSON] set to `LL84' as read from input data
2023-02-23 10:39:31|   0.1|  0.0|INFORM|Coordinate System `LL84' parameters: CS_NAME=`LL84' DESC_NM=`WGS84 datum, Latitude-Longitude; Degrees' DT_NAME=`WGS84' EPSG_QD=`-1' GROUP=`LL' MAP_SCL=`1' MAX_LAT=`90' MAX_LNG=`182' MIN_LAT=`-90' MIN_LNG=`-182' PROJ=`LL' QUAD=`1' SCL_RED=`1' SOURCE=`Mentor Software' UNIT=`DEGREE'
2023-02-23 10:39:31|   0.1|  0.0|INFORM|CS-MAP Reprojector: Transformation will be automatically selected for 'LL84' -> 'EPSG:3857', and is not guaranteed to remain the same in future releases of FME
2023-02-23 10:39:31|   0.1|  0.0|INFORM|Reprojector: Using transformation `WGS84_SPHERICAL_to_WGS84_FME,Inverse(Null)' when reprojecting from LL84 to EPSG:3857
2023-02-23 10:39:31|   0.1|  0.0|INFORM|Closing the GEOJSON reader
2023-02-23 10:39:31|   0.1|  0.0|INFORM|MULTI_READER(MULTI_READER): Done reading 34 features from 1 readers
2023-02-23 10:39:31|   0.1|  0.0|INFORM|Emptying factory pipeline
2023-02-23 10:39:31|   0.1|  0.0|STATS |Router and Unexpected Input Remover (RoutingFactory): Tested 34 input feature(s), wrote 34 output feature(s): 34 matched merge filters, 34 were routed to output, 0 could not be routed.
2023-02-23 10:39:31|   0.1|  0.0|STATS |Unwanted Router Input Nuker (TeeFactory): Cloned 0 input feature(s) into 0 output feature(s)
2023-02-23 10:39:31|   0.1|  0.0|STATS |actes-criminels_GEOJSON_1 Splitter (TeeFactory): Cloned 0 input feature(s) into 0 output feature(s)
2023-02-23 10:39:31|   0.1|  0.0|STATS |limites-administratives-agglomeration_GEOJSON_2 Splitter (TeeFactory): Cloned 34 input feature(s) into 34 output feature(s)
2023-02-23 10:39:31|   0.1|  0.0|STATS |Reprojector_2 (TeeFactory): Cloned 34 input feature(s) into 34 output feature(s)
2023-02-23 10:39:31|   0.1|  0.0|STATS |AttributeFilter (TeeFactory): Cloned 34 input feature(s) into 34 output feature(s)
2023-02-23 10:39:31|   0.1|  0.0|STATS |Restoring 246371 feature(s) from FME feature store file `C:\Users\alexi\AppData\Local\Temp\wb-cache-TP2-ZUFfNq\Main_actes-criminels -1 2 -1  0  99f055a1cbe3376e1647aaf12131434e0d7889c2.ffs'
2023-02-23 10:39:37|   2.4|  2.3|INFORM|actes-criminels_GEOJSON_1_-1_29_Player (RecorderFactory): Playing back feature 20500
2023-02-23 10:39:42|   4.7|  2.3|INFORM|actes-criminels_GEOJSON_1_-1_29_Player (RecorderFactory): Playing back feature 41500
2023-02-23 10:39:47|   6.8|  2.1|INFORM|actes-criminels_GEOJSON_1_-1_29_Player (RecorderFactory): Playing back feature 73000
2023-02-23 10:39:52|   9.1|  2.3|INFORM|actes-criminels_GEOJSON_1_-1_29_Player (RecorderFactory): Playing back feature 97000
2023-02-23 10:39:57|  11.2|  2.1|INFORM|actes-criminels_GEOJSON_1_-1_29_Player (RecorderFactory): Playing back feature 123000
2023-02-23 10:40:02|  13.5|  2.3|INFORM|actes-criminels_GEOJSON_1_-1_29_Player (RecorderFactory): Playing back feature 143500
2023-02-23 10:40:07|  16.0|  2.5|INFORM|actes-criminels_GEOJSON_1_-1_29_Player (RecorderFactory): Playing back feature 168000
2023-02-23 10:40:12|  18.5|  2.5|INFORM|actes-criminels_GEOJSON_1_-1_29_Player (RecorderFactory): Playing back feature 191000
2023-02-23 10:40:17|  20.8|  2.3|INFORM|actes-criminels_GEOJSON_1_-1_29_Player (RecorderFactory): Playing back feature 213500
2023-02-23 10:40:22|  22.9|  2.1|INFORM|actes-criminels_GEOJSON_1_-1_29_Player (RecorderFactory): Playing back feature 236500
2023-02-23 10:40:24|  24.8|  1.9|STATS |AttributeFilter_3 (TeeFactory): Cloned 246371 input feature(s) into 246371 output feature(s)
2023-02-23 10:40:24|  24.8|  0.0|STATS |Reprojector (TeeFactory): Cloned 204605 input feature(s) into 204605 output feature(s)
2023-02-23 10:40:24|  24.8|  0.0|STATS |DateTimeConverter_1 (TeeFactory): Cloned 204605 input feature(s) into 204605 output feature(s)
2023-02-23 10:40:24|  24.8|  0.0|STATS |DateTimeConverter_Rejector (TestFactory): Tested 204605 input feature(s) -- 0 feature(s) passed and 204605 feature(s) failed
2023-02-23 10:40:24|  24.8|  0.0|STATS |Tester_:_2023 (TestFactory): Tested 204605 input feature(s) -- 3370 feature(s) passed and 201235 feature(s) failed
2023-02-23 10:40:24|  24.8|  0.0|STATS |Tester_:_2023 PASSED Splitter (TeeFactory): Cloned 3370 input feature(s) into 6740 output feature(s)
2023-02-23 10:40:24|  24.8|  0.0|STATS |Tester_:_Janvier_2023 (TestFactory): Tested 3370 input feature(s) -- 2181 feature(s) passed and 1189 feature(s) failed
2023-02-23 10:40:24|  24.8|  0.0|STATS |AttributeFilter_Jan2023 (TeeFactory): Cloned 2181 input feature(s) into 2181 output feature(s)
2023-02-23 10:40:24|  24.8|  0.0|STATS |Tester_:_Janvier_2 (TestFactory): Tested 3370 input feature(s) -- 1189 feature(s) passed and 2181 feature(s) failed
2023-02-23 10:40:24|  24.8|  0.0|STATS |AttributeFilter_Fev2023 (TeeFactory): Cloned 1189 input feature(s) into 1189 output feature(s)
2023-02-23 10:40:24|  24.8|  0.0|STATS |DateTimeConverter__Rejected__Logger (TeeFactory): Cloned 0 input feature(s) into 0 output feature(s)
2023-02-23 10:40:25|  24.8|  0.0|STATS |Destination Feature Type Routing Correlator (RoutingFactory): Tested 0 input feature(s), wrote 0 output feature(s): 0 matched merge filters, 0 were routed to output, 0 could not be routed.
2023-02-23 10:40:25|  24.8|  0.0|STATS |Final Output Nuker (TeeFactory): Cloned 0 input feature(s) into 0 output feature(s)
2023-02-23 10:40:25|  24.8|  0.0|STATS |=-=-=-=-=-=-=-=-=-=-=-=-=-=-=-=-=-=-=-=-=-=-=-=-=-=-=-=-=-=-=-=-=-=-=-=-=-=-=-
2023-02-23 10:40:25|  24.8|  0.0|STATS |                            Features Read Summary
2023-02-23 10:40:25|  24.8|  0.0|STATS |=-=-=-=-=-=-=-=-=-=-=-=-=-=-=-=-=-=-=-=-=-=-=-=-=-=-=-=-=-=-=-=-=-=-=-=-=-=-=-
2023-02-23 10:40:25|  24.8|  0.0|STATS |limites-administratives-agglomeration                                       34
2023-02-23 10:40:25|  24.8|  0.0|STATS |==============================================================================
2023-02-23 10:40:25|  24.8|  0.0|STATS |Total Features Read                                                         34
2023-02-23 10:40:25|  24.8|  0.0|STATS |=-=-=-=-=-=-=-=-=-=-=-=-=-=-=-=-=-=-=-=-=-=-=-=-=-=-=-=-=-=-=-=-=-=-=-=-=-=-=-
2023-02-23 10:40:25|  24.8|  0.0|STATS |=-=-=-=-=-=-=-=-=-=-=-=-=-=-=-=-=-=-=-=-=-=-=-=-=-=-=-=-=-=-=-=-=-=-=-=-=-=-=-
2023-02-23 10:40:25|  24.8|  0.0|STATS |                           Features Written Summary
2023-02-23 10:40:25|  24.8|  0.0|STATS |=-=-=-=-=-=-=-=-=-=-=-=-=-=-=-=-=-=-=-=-=-=-=-=-=-=-=-=-=-=-=-=-=-=-=-=-=-=-=-
2023-02-23 10:40:25|  24.8|  0.0|STATS |==============================================================================
2023-02-23 10:40:25|  24.8|  0.0|STATS |Total Features Written                                                       0
2023-02-23 10:40:25|  24.8|  0.0|STATS |=-=-=-=-=-=-=-=-=-=-=-=-=-=-=-=-=-=-=-=-=-=-=-=-=-=-=-=-=-=-=-=-=-=-=-=-=-=-=-
2023-02-23 10:40:25|  24.8|  0.0|WARN  |-~-~-~-~-~-~-~-~-~-~-~-~-~-~-~-~-~-~-~-~-~-~-~-~-~-~-~-~-~-~-~-~-~-~-~-~-~-~-~-~-
2023-02-23 10:40:25|  24.8|  0.0|WARN  |-~                                                                             ~-
2023-02-23 10:40:25|  24.8|  0.0|WARN  |-~    Feature caches have been recorded at every stage of the translation.     ~-
2023-02-23 10:40:25|  24.8|  0.0|WARN  |-~                      To inspect the recorded features,                      ~-
2023-02-23 10:40:25|  24.8|  0.0|WARN  |-~              click the feature cache icons next to the ports.               ~-
2023-02-23 10:40:25|  24.8|  0.0|WARN  |-~                                                                             ~-
2023-02-23 10:40:25|  24.8|  0.0|WARN  |-~-~-~-~-~-~-~-~-~-~-~-~-~-~-~-~-~-~-~-~-~-~-~-~-~-~-~-~-~-~-~-~-~-~-~-~-~-~-~-~-
2023-02-23 10:40:25|  24.8|  0.0|INFORM|Translation was SUCCESSFUL with 7 warning(s) (0 feature(s) output)
2023-02-23 10:40:25|  24.8|  0.0|INFORM|FME Session Duration: 56.8 seconds. (CPU: 23.3s user, 1.5s system)
2023-02-23 10:40:25|  24.8|  0.0|INFORM|END - ProcessID: 15848, peak process memory usage: 205876 kB, current process memory usage: 142996 kB
